c:\users\user\desktop\rockyeec\gamedev\c++projects\oosad\mario\mario\release\vc142.pdb
c:\users\user\desktop\rockyeec\gamedev\c++projects\oosad\mario\mario\release\random.obj
c:\users\user\desktop\rockyeec\gamedev\c++projects\oosad\mario\mario\release\collisions.obj
c:\users\user\desktop\rockyeec\gamedev\c++projects\oosad\mario\mario\release\boxcollider.obj
c:\users\user\desktop\rockyeec\gamedev\c++projects\oosad\mario\mario\release\texture.obj
c:\users\user\desktop\rockyeec\gamedev\c++projects\oosad\mario\mario\release\graphics.obj
c:\users\user\desktop\rockyeec\gamedev\c++projects\oosad\mario\mario\release\main.obj
c:\users\user\desktop\rockyeec\gamedev\c++projects\oosad\mario\mario\release\transform.obj
c:\users\user\desktop\rockyeec\gamedev\c++projects\oosad\mario\mario\release\time.obj
c:\users\user\desktop\rockyeec\gamedev\c++projects\oosad\mario\mario\release\tile.obj
c:\users\user\desktop\rockyeec\gamedev\c++projects\oosad\mario\mario\release\playeractor.obj
c:\users\user\desktop\rockyeec\gamedev\c++projects\oosad\mario\mario\release\input.obj
c:\users\user\desktop\rockyeec\gamedev\c++projects\oosad\mario\mario\release\gameobject.obj
c:\users\user\desktop\rockyeec\gamedev\c++projects\oosad\mario\mario\release\game.obj
c:\users\user\desktop\rockyeec\gamedev\c++projects\oosad\mario\mario\release\enemyactor.obj
c:\users\user\desktop\rockyeec\gamedev\c++projects\oosad\mario\mario\release\camera.obj
c:\users\user\desktop\rockyeec\gamedev\c++projects\oosad\mario\mario\release\background.obj
c:\users\user\desktop\rockyeec\gamedev\c++projects\oosad\mario\mario\release\audiomanager.obj
c:\users\user\desktop\rockyeec\gamedev\c++projects\oosad\mario\mario\release\actor.obj
c:\users\user\desktop\rockyeec\gamedev\c++projects\oosad\mario\mario\release\animation.obj
c:\users\user\desktop\rockyeec\gamedev\c++projects\oosad\mario\mario\release\spawner.obj
c:\users\user\desktop\rockyeec\gamedev\c++projects\oosad\mario\mario\release\level.obj
c:\users\user\desktop\rockyeec\gamedev\c++projects\oosad\mario\mario\release\waypoint.obj
c:\users\user\desktop\rockyeec\gamedev\c++projects\oosad\mario\mario\release\koopaenemyactor.obj
c:\users\user\desktop\rockyeec\gamedev\c++projects\oosad\mario\mario\release\luigienemyactor.obj
c:\users\user\desktop\rockyeec\gamedev\c++projects\oosad\mario\mario\release\mario.exe
c:\users\user\desktop\rockyeec\gamedev\c++projects\oosad\mario\mario\release\mario.pdb
c:\users\user\desktop\rockyeec\gamedev\c++projects\oosad\mario\mario\release\mario.ipdb
c:\users\user\desktop\rockyeec\gamedev\c++projects\oosad\mario\mario\release\mario.iobj
c:\users\user\desktop\rockyeec\gamedev\c++projects\oosad\mario\mario\release\mario.tlog\cl.command.1.tlog
c:\users\user\desktop\rockyeec\gamedev\c++projects\oosad\mario\mario\release\mario.tlog\cl.read.1.tlog
c:\users\user\desktop\rockyeec\gamedev\c++projects\oosad\mario\mario\release\mario.tlog\cl.write.1.tlog
c:\users\user\desktop\rockyeec\gamedev\c++projects\oosad\mario\mario\release\mario.tlog\link.command.1.tlog
c:\users\user\desktop\rockyeec\gamedev\c++projects\oosad\mario\mario\release\mario.tlog\link.read.1.tlog
c:\users\user\desktop\rockyeec\gamedev\c++projects\oosad\mario\mario\release\mario.tlog\link.write.1.tlog
c:\users\user\desktop\rockyeec\gamedev\c++projects\oosad\mario\mario\release\mario.tlog\mario.write.1u.tlog
